/Users/xinsun/anaconda3/envs/dev/lib/python3.7/site-packages/tensorflow/python/framework/dtypes.py:516: FutureWarning: Passing (type, 1) or '1type' as a synonym of type is deprecated; in a future version of numpy, it will be understood as (type, (1,)) / '(1,)type'.
  _np_qint8 = np.dtype([("qint8", np.int8, 1)])
/Users/xinsun/anaconda3/envs/dev/lib/python3.7/site-packages/tensorflow/python/framework/dtypes.py:517: FutureWarning: Passing (type, 1) or '1type' as a synonym of type is deprecated; in a future version of numpy, it will be understood as (type, (1,)) / '(1,)type'.
  _np_quint8 = np.dtype([("quint8", np.uint8, 1)])
/Users/xinsun/anaconda3/envs/dev/lib/python3.7/site-packages/tensorflow/python/framework/dtypes.py:518: FutureWarning: Passing (type, 1) or '1type' as a synonym of type is deprecated; in a future version of numpy, it will be understood as (type, (1,)) / '(1,)type'.
  _np_qint16 = np.dtype([("qint16", np.int16, 1)])
/Users/xinsun/anaconda3/envs/dev/lib/python3.7/site-packages/tensorflow/python/framework/dtypes.py:519: FutureWarning: Passing (type, 1) or '1type' as a synonym of type is deprecated; in a future version of numpy, it will be understood as (type, (1,)) / '(1,)type'.
  _np_quint16 = np.dtype([("quint16", np.uint16, 1)])
/Users/xinsun/anaconda3/envs/dev/lib/python3.7/site-packages/tensorflow/python/framework/dtypes.py:520: FutureWarning: Passing (type, 1) or '1type' as a synonym of type is deprecated; in a future version of numpy, it will be understood as (type, (1,)) / '(1,)type'.
  _np_qint32 = np.dtype([("qint32", np.int32, 1)])
/Users/xinsun/anaconda3/envs/dev/lib/python3.7/site-packages/tensorflow/python/framework/dtypes.py:525: FutureWarning: Passing (type, 1) or '1type' as a synonym of type is deprecated; in a future version of numpy, it will be understood as (type, (1,)) / '(1,)type'.
  np_resource = np.dtype([("resource", np.ubyte, 1)])
/Users/xinsun/anaconda3/envs/dev/lib/python3.7/site-packages/tensorboard/compat/tensorflow_stub/dtypes.py:541: FutureWarning: Passing (type, 1) or '1type' as a synonym of type is deprecated; in a future version of numpy, it will be understood as (type, (1,)) / '(1,)type'.
  _np_qint8 = np.dtype([("qint8", np.int8, 1)])
/Users/xinsun/anaconda3/envs/dev/lib/python3.7/site-packages/tensorboard/compat/tensorflow_stub/dtypes.py:542: FutureWarning: Passing (type, 1) or '1type' as a synonym of type is deprecated; in a future version of numpy, it will be understood as (type, (1,)) / '(1,)type'.
  _np_quint8 = np.dtype([("quint8", np.uint8, 1)])
/Users/xinsun/anaconda3/envs/dev/lib/python3.7/site-packages/tensorboard/compat/tensorflow_stub/dtypes.py:543: FutureWarning: Passing (type, 1) or '1type' as a synonym of type is deprecated; in a future version of numpy, it will be understood as (type, (1,)) / '(1,)type'.
  _np_qint16 = np.dtype([("qint16", np.int16, 1)])
/Users/xinsun/anaconda3/envs/dev/lib/python3.7/site-packages/tensorboard/compat/tensorflow_stub/dtypes.py:544: FutureWarning: Passing (type, 1) or '1type' as a synonym of type is deprecated; in a future version of numpy, it will be understood as (type, (1,)) / '(1,)type'.
  _np_quint16 = np.dtype([("quint16", np.uint16, 1)])
/Users/xinsun/anaconda3/envs/dev/lib/python3.7/site-packages/tensorboard/compat/tensorflow_stub/dtypes.py:545: FutureWarning: Passing (type, 1) or '1type' as a synonym of type is deprecated; in a future version of numpy, it will be understood as (type, (1,)) / '(1,)type'.
  _np_qint32 = np.dtype([("qint32", np.int32, 1)])
/Users/xinsun/anaconda3/envs/dev/lib/python3.7/site-packages/tensorboard/compat/tensorflow_stub/dtypes.py:550: FutureWarning: Passing (type, 1) or '1type' as a synonym of type is deprecated; in a future version of numpy, it will be understood as (type, (1,)) / '(1,)type'.
  np_resource = np.dtype([("resource", np.ubyte, 1)])
[nltk_data] Downloading package punkt to /Users/xinsun/nltk_data...
[nltk_data]   Package punkt is already up-to-date!
WARNING:tensorflow:From run.py:49: The name tf.placeholder is deprecated. Please use tf.compat.v1.placeholder instead.

WARNING:tensorflow:From run.py:73: The name tf.variable_scope is deprecated. Please use tf.compat.v1.variable_scope instead.

WARNING:tensorflow:
The TensorFlow contrib module will not be included in TensorFlow 2.0.
For more information, please see:
  * https://github.com/tensorflow/community/blob/master/rfcs/20180907-contrib-sunset.md
  * https://github.com/tensorflow/addons
  * https://github.com/tensorflow/io (for I/O related ops)
If you depend on functionality not listed there, please file an issue.

WARNING:tensorflow:From run.py:75: LSTMCell.__init__ (from tensorflow.python.ops.rnn_cell_impl) is deprecated and will be removed in a future version.
Instructions for updating:
This class is equivalent as tf.keras.layers.LSTMCell, and will be replaced by that in Tensorflow 2.0.
WARNING:tensorflow:From run.py:88: bidirectional_dynamic_rnn (from tensorflow.python.ops.rnn) is deprecated and will be removed in a future version.
Instructions for updating:
Please use `keras.layers.Bidirectional(keras.layers.RNN(cell))`, which is equivalent to this API
WARNING:tensorflow:From /Users/xinsun/anaconda3/envs/dev/lib/python3.7/site-packages/tensorflow/python/ops/rnn.py:464: dynamic_rnn (from tensorflow.python.ops.rnn) is deprecated and will be removed in a future version.
Instructions for updating:
Please use `keras.layers.RNN(cell)`, which is equivalent to this API
WARNING:tensorflow:From /Users/xinsun/anaconda3/envs/dev/lib/python3.7/site-packages/tensorflow/python/ops/rnn_cell_impl.py:961: calling Zeros.__init__ (from tensorflow.python.ops.init_ops) with dtype is deprecated and will be removed in a future version.
Instructions for updating:
Call initializer instance with the dtype argument instead of passing it to the constructor
WARNING:tensorflow:From /Users/xinsun/anaconda3/envs/dev/lib/python3.7/site-packages/tensorflow/python/ops/rnn.py:244: add_dispatch_support.<locals>.wrapper (from tensorflow.python.ops.array_ops) is deprecated and will be removed in a future version.
Instructions for updating:
Use tf.where in 2.0, which has the same broadcast rule as np.where
WARNING:tensorflow:From run.py:139: BasicLSTMCell.__init__ (from tensorflow.python.ops.rnn_cell_impl) is deprecated and will be removed in a future version.
Instructions for updating:
This class is equivalent as tf.keras.layers.LSTMCell, and will be replaced by that in Tensorflow 2.0.
WARNING:tensorflow:From run.py:146: MultiRNNCell.__init__ (from tensorflow.python.ops.rnn_cell_impl) is deprecated and will be removed in a future version.
Instructions for updating:
This class is equivalent as tf.keras.layers.StackedRNNCells, and will be replaced by that in Tensorflow 2.0.
WARNING:tensorflow:From /Users/xinsun/anaconda3/envs/dev/lib/python3.7/site-packages/tensorflow/python/ops/init_ops.py:1251: calling VarianceScaling.__init__ (from tensorflow.python.ops.init_ops) with dtype is deprecated and will be removed in a future version.
Instructions for updating:
Call initializer instance with the dtype argument instead of passing it to the constructor
WARNING:tensorflow:From run.py:261: The name tf.train.AdamOptimizer is deprecated. Please use tf.compat.v1.train.AdamOptimizer instead.

WARNING:tensorflow:From run.py:271: The name tf.summary.FileWriter is deprecated. Please use tf.compat.v1.summary.FileWriter instead.

WARNING:tensorflow:From run.py:290: The name tf.Session is deprecated. Please use tf.compat.v1.Session instead.

2020-04-05 01:34:13.652337: I tensorflow/core/platform/cpu_feature_guard.cc:142] Your CPU supports instructions that this TensorFlow binary was not compiled to use: AVX2 FMA
WARNING:tensorflow:From run.py:291: The name tf.global_variables_initializer is deprecated. Please use tf.compat.v1.global_variables_initializer instead.

WARNING:tensorflow:From run.py:335: The name tf.train.Saver is deprecated. Please use tf.compat.v1.train.Saver instead.

The shortest text length: 6
The longest text length: 73
Graph is built.
./graph
Epoch   1/100 Batch   50/1953 - Loss:  4.854, Seconds: 46.87
Epoch   1/100 Batch  100/1953 - Loss:  3.109, Seconds: 51.00
Epoch   1/100 Batch  150/1953 - Loss:  2.992, Seconds: 47.59
Epoch   1/100 Batch  200/1953 - Loss:  2.898, Seconds: 48.04
Epoch   1/100 Batch  250/1953 - Loss:  3.040, Seconds: 59.83
Epoch   1/100 Batch  300/1953 - Loss: 11.436, Seconds: 59.51
Epoch   1/100 Batch  350/1953 - Loss:  4.789, Seconds: 63.28
Epoch   1/100 Batch  400/1953 - Loss:  4.106, Seconds: 62.36
Epoch   1/100 Batch  450/1953 - Loss:  4.098, Seconds: 58.71
Epoch   1/100 Batch  500/1953 - Loss:  3.926, Seconds: 58.01
Epoch   1/100 Batch  550/1953 - Loss:  3.952, Seconds: 69.20
Epoch   1/100 Batch  600/1953 - Loss:  3.922, Seconds: 75.54
Epoch   1/100 Batch  650/1953 - Loss:  3.836, Seconds: 63.48
Average loss for this update: 4.381
New Record!
Epoch   1/100 Batch  700/1953 - Loss:  3.832, Seconds: 60.44
Epoch   1/100 Batch  750/1953 - Loss:  3.820, Seconds: 80.97
Epoch   1/100 Batch  800/1953 - Loss:  5.182, Seconds: 67.43
Epoch   1/100 Batch  850/1953 - Loss:  5.270, Seconds: 80.41
Epoch   1/100 Batch  900/1953 - Loss:  5.643, Seconds: 69.60
Epoch   1/100 Batch  950/1953 - Loss:  4.860, Seconds: 81.44
Epoch   1/100 Batch 1000/1953 - Loss:  4.712, Seconds: 88.77
Epoch   1/100 Batch 1050/1953 - Loss:  4.617, Seconds: 96.22
Epoch   1/100 Batch 1100/1953 - Loss:  4.661, Seconds: 96.56
Epoch   1/100 Batch 1150/1953 - Loss:  4.525, Seconds: 118.82
Epoch   1/100 Batch 1200/1953 - Loss:  5.441, Seconds: 117.22
Epoch   1/100 Batch 1250/1953 - Loss:  4.922, Seconds: 119.23
Traceback (most recent call last):
  File "run.py", line 310, in <module>
    keep_prob: keep_probability})
  File "/Users/xinsun/anaconda3/envs/dev/lib/python3.7/site-packages/tensorflow/python/client/session.py", line 950, in run
    run_metadata_ptr)
  File "/Users/xinsun/anaconda3/envs/dev/lib/python3.7/site-packages/tensorflow/python/client/session.py", line 1173, in _run
    feed_dict_tensor, options, run_metadata)
  File "/Users/xinsun/anaconda3/envs/dev/lib/python3.7/site-packages/tensorflow/python/client/session.py", line 1350, in _do_run
    run_metadata)
  File "/Users/xinsun/anaconda3/envs/dev/lib/python3.7/site-packages/tensorflow/python/client/session.py", line 1356, in _do_call
    return fn(*args)
  File "/Users/xinsun/anaconda3/envs/dev/lib/python3.7/site-packages/tensorflow/python/client/session.py", line 1341, in _run_fn
    options, feed_dict, fetch_list, target_list, run_metadata)
  File "/Users/xinsun/anaconda3/envs/dev/lib/python3.7/site-packages/tensorflow/python/client/session.py", line 1429, in _call_tf_sessionrun
    run_metadata)
KeyboardInterrupt
